[debug] [2025-03-02T13:55:31.509Z] ----------------------------------------------------------------------
[debug] [2025-03-02T13:55:31.511Z] Command:       /home/arclapain/.nvm/versions/node/v22.13.1/bin/node /home/arclapain/.nvm/versions/node/v22.13.1/bin/firebase init hosting
[debug] [2025-03-02T13:55:31.512Z] CLI Version:   13.32.0
[debug] [2025-03-02T13:55:31.512Z] Platform:      linux
[debug] [2025-03-02T13:55:31.512Z] Node Version:  v22.13.1
[debug] [2025-03-02T13:55:31.513Z] Time:          Sun Mar 02 2025 13:55:31 GMT+0000 (Greenwich Mean Time)
[debug] [2025-03-02T13:55:31.513Z] ----------------------------------------------------------------------
[debug] 
[debug] [2025-03-02T13:55:31.518Z] > command requires scopes: ["email","openid","https://www.googleapis.com/auth/cloudplatformprojects.readonly","https://www.googleapis.com/auth/firebase","https://www.googleapis.com/auth/cloud-platform"]
[debug] [2025-03-02T13:55:31.519Z] > authorizing via signed-in user (llewellynpaintsil34@gmail.com)
[info] 
     ######## #### ########  ######## ########     ###     ######  ########
     ##        ##  ##     ## ##       ##     ##  ##   ##  ##       ##
     ######    ##  ########  ######   ########  #########  ######  ######
     ##        ##  ##    ##  ##       ##     ## ##     ##       ## ##
     ##       #### ##     ## ######## ########  ##     ##  ######  ########

You're about to initialize a Firebase project in this directory:

  /home/arclapain/Downloads/lap-docs

[info] 
=== Project Setup
[info] 
[info] First, let's associate this project directory with a Firebase project.
[info] You can create multiple project aliases by running firebase use --add, 
[info] but for now we'll just set up a default project.
[info] 
[debug] [2025-03-02T13:55:35.511Z] Checked if tokens are valid: true, expires at: 1740927133640
[debug] [2025-03-02T13:55:35.512Z] Checked if tokens are valid: true, expires at: 1740927133640
[debug] [2025-03-02T13:55:35.517Z] >>> [apiv2][query] GET https://firebase.googleapis.com/v1beta1/projects pageSize=100
[debug] [2025-03-02T13:55:36.580Z] <<< [apiv2][status] GET https://firebase.googleapis.com/v1beta1/projects 200
[debug] [2025-03-02T13:55:36.580Z] <<< [apiv2][body] GET https://firebase.googleapis.com/v1beta1/projects [omitted]
[info] i  Using project lap-docs-c9078 (LAP Docs) 
[info] 
=== Hosting Setup
[debug] [2025-03-02T13:55:43.650Z] Checked if tokens are valid: true, expires at: 1740927133640
[debug] [2025-03-02T13:55:43.651Z] Checked if tokens are valid: true, expires at: 1740927133640
[debug] [2025-03-02T13:55:43.652Z] >>> [apiv2][query] GET https://firebase.googleapis.com/v1beta1/projects/lap-docs-c9078 [none]
[debug] [2025-03-02T13:55:44.444Z] <<< [apiv2][status] GET https://firebase.googleapis.com/v1beta1/projects/lap-docs-c9078 200
[debug] [2025-03-02T13:55:44.445Z] <<< [apiv2][body] GET https://firebase.googleapis.com/v1beta1/projects/lap-docs-c9078 {"projectId":"lap-docs-c9078","projectNumber":"897960732857","displayName":"LAP Docs","name":"projects/lap-docs-c9078","resources":{"hostingSite":"lap-docs-c9078"},"state":"ACTIVE","etag":"1_6bfd67e4-0d28-4635-85c8-5465978caba7"}
[info] 
[info] i  Didn't detect a .git folder. Assuming /home/arclapain/Downloads/lap-docs is the project root. 
[info] i  Authorizing with GitHub to upload your service account to a GitHub repository's secrets store. 
[info] 
[info] Visit this URL on this device to log in:
[info] https://github.com/login/oauth/authorize?client_id=89cf50f02ac6aaed3484&state=727426617&redirect_uri=http%3A%2F%2Flocalhost%3A9005&scope=read%3Auser%20repo%20public_repo
[info] 
[info] Waiting for authentication...
[debug] [2025-03-02T13:57:07.628Z] >>> [apiv2][query] POST https://github.com/login/oauth/access_token [none]
[debug] [2025-03-02T13:57:07.628Z] >>> [apiv2][body] POST https://github.com/login/oauth/access_token [stream]
[debug] [2025-03-02T13:57:08.465Z] <<< [apiv2][status] POST https://github.com/login/oauth/access_token 200
[debug] [2025-03-02T13:57:08.466Z] <<< [apiv2][body] POST https://github.com/login/oauth/access_token {"access_token":"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","token_type":"bearer","scope":"read:user,repo"}
[debug] [2025-03-02T13:57:08.477Z] >>> [apiv2][query] GET https://api.github.com/user [none]
[debug] [2025-03-02T13:57:09.222Z] <<< [apiv2][status] GET https://api.github.com/user 200
[debug] [2025-03-02T13:57:09.223Z] <<< [apiv2][body] GET https://api.github.com/user {"login":"Llewellyn500","id":67033086,"node_id":"MDQ6VXNlcjY3MDMzMDg2","avatar_url":"https://avatars.githubusercontent.com/u/67033086?v=4","gravatar_id":"","url":"https://api.github.com/users/Llewellyn500","html_url":"https://github.com/Llewellyn500","followers_url":"https://api.github.com/users/Llewellyn500/followers","following_url":"https://api.github.com/users/Llewellyn500/following{/other_user}","gists_url":"https://api.github.com/users/Llewellyn500/gists{/gist_id}","starred_url":"https://api.github.com/users/Llewellyn500/starred{/owner}{/repo}","subscriptions_url":"https://api.github.com/users/Llewellyn500/subscriptions","organizations_url":"https://api.github.com/users/Llewellyn500/orgs","repos_url":"https://api.github.com/users/Llewellyn500/repos","events_url":"https://api.github.com/users/Llewellyn500/events{/privacy}","received_events_url":"https://api.github.com/users/Llewellyn500/received_events","type":"User","user_view_type":"private","site_admin":false,"name":"Llewellyn Adonteng Paintsil","company":"@LAP-tutorials","blog":"llewellyn-portfolio.vercel.app","location":"Kumasi/Ghana","email":"Llewellynpaintsil34@gmail.com","hireable":null,"bio":"A devoted Christian, digital creator, YouTuber, gamer, and developer, weaving art, content, games, and codes into my existence.","twitter_username":"LlewellynAdont1","notification_email":"Llewellynpaintsil34@gmail.com","public_repos":37,"public_gists":2,"followers":41,"following":77,"created_at":"2020-06-17T01:24:52Z","updated_at":"2025-03-02T11:56:05Z","private_gists":5,"total_private_repos":15,"owned_private_repos":15,"disk_usage":1998689,"collaborators":4,"two_factor_authentication":true,"plan":{"name":"pro","space":976562499,"collaborators":0,"private_repos":9999}}
[info] 
[info] ✔  Success! Logged into GitHub as Llewellyn500 
[info] 
